<?xml version="1.0" encoding="UTF-8"?>
<coverage generated="1742148839126" clover="3.2.0">
  <project timestamp="1742148839126" name="All files">
    <metrics statements="23" coveredstatements="19" conditionals="2" coveredconditionals="2" methods="5" coveredmethods="4" elements="30" coveredelements="25" complexity="0" loc="23" ncloc="23" packages="1" files="1" classes="1"/>
    <file name="server.js" path="/home/rahul/todo-testing-advanced/server.js">
      <metrics statements="23" coveredstatements="19" conditionals="2" coveredconditionals="2" methods="5" coveredmethods="4"/>
      <line num="1" count="1" type="stmt"/>
      <line num="2" count="1" type="stmt"/>
      <line num="3" count="1" type="stmt"/>
      <line num="5" count="1" type="stmt"/>
      <line num="6" count="1" type="stmt"/>
      <line num="8" count="1" type="stmt"/>
      <line num="13" count="1" type="stmt"/>
      <line num="18" count="1" type="stmt"/>
      <line num="19" count="1" type="stmt"/>
      <line num="20" count="1" type="stmt"/>
      <line num="21" count="0" type="stmt"/>
      <line num="24" count="1" type="stmt"/>
      <line num="25" count="1" type="stmt"/>
      <line num="26" count="0" type="stmt"/>
      <line num="29" count="1" type="stmt"/>
      <line num="30" count="1" type="stmt"/>
      <line num="31" count="0" type="stmt"/>
      <line num="34" count="1" type="stmt"/>
      <line num="35" count="1" type="stmt"/>
      <line num="36" count="0" type="stmt"/>
      <line num="39" count="1" type="cond" truecount="2" falsecount="0"/>
      <line num="40" count="1" type="stmt"/>
      <line num="42" count="1" type="stmt"/>
  </file>
  </project>
</coverage>
