{"/home/rahul/todo-testing-advanced/server.js": {"path":"/home/rahul/todo-testing-advanced/server.js","statementMap":{"0":{"start":{"line":1,"column":16},"end":{"line":1,"column":34}},"1":{"start":{"line":2,"column":17},"end":{"line":2,"column":36}},"2":{"start":{"line":3,"column":0},"end":{"line":3,"column":27}},"3":{"start":{"line":5,"column":12},"end":{"line":5,"column":21}},"4":{"start":{"line":6,"column":0},"end":{"line":6,"column":24}},"5":{"start":{"line":8,"column":0},"end":{"line":11,"column":3}},"6":{"start":{"line":13,"column":13},"end":{"line":16,"column":2}},"7":{"start":{"line":18,"column":0},"end":{"line":22,"column":3}},"8":{"start":{"line":19,"column":15},"end":{"line":19,"column":33}},"9":{"start":{"line":20,"column":2},"end":{"line":20,"column":20}},"10":{"start":{"line":21,"column":2},"end":{"line":21,"column":29}},"11":{"start":{"line":24,"column":0},"end":{"line":27,"column":3}},"12":{"start":{"line":25,"column":16},"end":{"line":25,"column":33}},"13":{"start":{"line":26,"column":2},"end":{"line":26,"column":18}},"14":{"start":{"line":29,"column":0},"end":{"line":32,"column":3}},"15":{"start":{"line":30,"column":15},"end":{"line":30,"column":83}},"16":{"start":{"line":31,"column":2},"end":{"line":31,"column":17}},"17":{"start":{"line":34,"column":0},"end":{"line":37,"column":3}},"18":{"start":{"line":35,"column":2},"end":{"line":35,"column":46}},"19":{"start":{"line":36,"column":2},"end":{"line":36,"column":35}},"20":{"start":{"line":39,"column":13},"end":{"line":39,"column":37}},"21":{"start":{"line":40,"column":0},"end":{"line":40,"column":70}},"22":{"start":{"line":40,"column":23},"end":{"line":40,"column":68}},"23":{"start":{"line":42,"column":0},"end":{"line":42,"column":21}}},"fnMap":{"0":{"name":"(anonymous_0)","decl":{"start":{"line":18,"column":19},"end":{"line":18,"column":20}},"loc":{"start":{"line":18,"column":39},"end":{"line":22,"column":1}},"line":18},"1":{"name":"(anonymous_1)","decl":{"start":{"line":24,"column":18},"end":{"line":24,"column":19}},"loc":{"start":{"line":24,"column":38},"end":{"line":27,"column":1}},"line":24},"2":{"name":"(anonymous_2)","decl":{"start":{"line":29,"column":22},"end":{"line":29,"column":23}},"loc":{"start":{"line":29,"column":42},"end":{"line":32,"column":1}},"line":29},"3":{"name":"(anonymous_3)","decl":{"start":{"line":34,"column":25},"end":{"line":34,"column":26}},"loc":{"start":{"line":34,"column":45},"end":{"line":37,"column":1}},"line":34},"4":{"name":"(anonymous_4)","decl":{"start":{"line":40,"column":17},"end":{"line":40,"column":18}},"loc":{"start":{"line":40,"column":23},"end":{"line":40,"column":68}},"line":40}},"branchMap":{"0":{"loc":{"start":{"line":39,"column":13},"end":{"line":39,"column":37}},"type":"binary-expr","locations":[{"start":{"line":39,"column":13},"end":{"line":39,"column":29}},{"start":{"line":39,"column":33},"end":{"line":39,"column":37}}],"line":39}},"s":{"0":1,"1":1,"2":1,"3":1,"4":1,"5":1,"6":1,"7":1,"8":1,"9":1,"10":0,"11":1,"12":1,"13":0,"14":1,"15":1,"16":0,"17":1,"18":1,"19":0,"20":1,"21":1,"22":0,"23":1},"f":{"0":1,"1":1,"2":1,"3":1,"4":0},"b":{"0":[1,1]},"_coverageSchema":"1a1c01bbd47fc00a2c39e90264f33305004495a9","hash":"e6d78b29dc9d4b4229e39367d5d7e80d814f7f3b"}
}
